Generated at 2018-06-07 16:31:08 +0200
Chef::Exceptions::PrivateKeyMissing: I cannot read C:\chef\validation.pem, which you told me to use to sign requests!
C:/opscode/chefdk/embedded/lib/ruby/gems/2.5.0/gems/chef-14.1.12-universal-mingw32/lib/chef/http/authenticator.rb:95:in `rescue in load_signing_key'
C:/opscode/chefdk/embedded/lib/ruby/gems/2.5.0/gems/chef-14.1.12-universal-mingw32/lib/chef/http/authenticator.rb:84:in `load_signing_key'
C:/opscode/chefdk/embedded/lib/ruby/gems/2.5.0/gems/chef-14.1.12-universal-mingw32/lib/chef/http/authenticator.rb:42:in `initialize'
C:/opscode/chefdk/embedded/lib/ruby/gems/2.5.0/gems/chef-14.1.12-universal-mingw32/lib/chef/http.rb:98:in `new'
C:/opscode/chefdk/embedded/lib/ruby/gems/2.5.0/gems/chef-14.1.12-universal-mingw32/lib/chef/http.rb:98:in `block in initialize'
C:/opscode/chefdk/embedded/lib/ruby/gems/2.5.0/gems/chef-14.1.12-universal-mingw32/lib/chef/http.rb:97:in `each'
C:/opscode/chefdk/embedded/lib/ruby/gems/2.5.0/gems/chef-14.1.12-universal-mingw32/lib/chef/http.rb:97:in `initialize'
C:/opscode/chefdk/embedded/lib/ruby/gems/2.5.0/gems/chef-14.1.12-universal-mingw32/lib/chef/server_api.rb:38:in `initialize'
C:/opscode/chefdk/embedded/lib/ruby/gems/2.5.0/gems/chef-14.1.12-universal-mingw32/lib/chef/api_client/registration.rb:158:in `new'
C:/opscode/chefdk/embedded/lib/ruby/gems/2.5.0/gems/chef-14.1.12-universal-mingw32/lib/chef/api_client/registration.rb:158:in `http_api'
C:/opscode/chefdk/embedded/lib/ruby/gems/2.5.0/gems/chef-14.1.12-universal-mingw32/lib/chef/api_client/registration.rb:104:in `create'
C:/opscode/chefdk/embedded/lib/ruby/gems/2.5.0/gems/chef-14.1.12-universal-mingw32/lib/chef/api_client/registration.rb:95:in `create_or_update'
C:/opscode/chefdk/embedded/lib/ruby/gems/2.5.0/gems/chef-14.1.12-universal-mingw32/lib/chef/api_client/registration.rb:59:in `run'
C:/opscode/chefdk/embedded/lib/ruby/gems/2.5.0/gems/chef-14.1.12-universal-mingw32/lib/chef/client.rb:668:in `register'
C:/opscode/chefdk/embedded/lib/ruby/gems/2.5.0/gems/chef-14.1.12-universal-mingw32/lib/chef/client.rb:264:in `run'
C:/opscode/chefdk/embedded/lib/ruby/gems/2.5.0/gems/chef-14.1.12-universal-mingw32/lib/chef/application.rb:303:in `run_with_graceful_exit_option'
C:/opscode/chefdk/embedded/lib/ruby/gems/2.5.0/gems/chef-14.1.12-universal-mingw32/lib/chef/application.rb:279:in `block in run_chef_client'
C:/opscode/chefdk/embedded/lib/ruby/gems/2.5.0/gems/chef-14.1.12-universal-mingw32/lib/chef/local_mode.rb:44:in `with_server_connectivity'
C:/opscode/chefdk/embedded/lib/ruby/gems/2.5.0/gems/chef-14.1.12-universal-mingw32/lib/chef/application.rb:261:in `run_chef_client'
C:/opscode/chefdk/embedded/lib/ruby/gems/2.5.0/gems/chef-14.1.12-universal-mingw32/lib/chef/application/client.rb:441:in `run_application'
C:/opscode/chefdk/embedded/lib/ruby/gems/2.5.0/gems/chef-14.1.12-universal-mingw32/lib/chef/application.rb:66:in `run'
C:/opscode/chefdk/embedded/lib/ruby/gems/2.5.0/gems/chef-14.1.12-universal-mingw32/bin/chef-client:26:in `<top (required)>'
C:/opscode/chefdk/embedded/bin/chef-client:23:in `load'
C:/opscode/chefdk/embedded/bin/chef-client:23:in `<main>'

>>>> Caused by Errno::ENOENT: No such file or directory @ rb_sysopen - C:\chef\validation.pem
C:/opscode/chefdk/embedded/lib/ruby/gems/2.5.0/gems/chef-14.1.12-universal-mingw32/lib/chef/http/authenticator.rb:86:in `read'
C:/opscode/chefdk/embedded/lib/ruby/gems/2.5.0/gems/chef-14.1.12-universal-mingw32/lib/chef/http/authenticator.rb:86:in `load_signing_key'
C:/opscode/chefdk/embedded/lib/ruby/gems/2.5.0/gems/chef-14.1.12-universal-mingw32/lib/chef/http/authenticator.rb:42:in `initialize'
C:/opscode/chefdk/embedded/lib/ruby/gems/2.5.0/gems/chef-14.1.12-universal-mingw32/lib/chef/http.rb:98:in `new'
C:/opscode/chefdk/embedded/lib/ruby/gems/2.5.0/gems/chef-14.1.12-universal-mingw32/lib/chef/http.rb:98:in `block in initialize'
C:/opscode/chefdk/embedded/lib/ruby/gems/2.5.0/gems/chef-14.1.12-universal-mingw32/lib/chef/http.rb:97:in `each'
C:/opscode/chefdk/embedded/lib/ruby/gems/2.5.0/gems/chef-14.1.12-universal-mingw32/lib/chef/http.rb:97:in `initialize'
C:/opscode/chefdk/embedded/lib/ruby/gems/2.5.0/gems/chef-14.1.12-universal-mingw32/lib/chef/server_api.rb:38:in `initialize'
C:/opscode/chefdk/embedded/lib/ruby/gems/2.5.0/gems/chef-14.1.12-universal-mingw32/lib/chef/api_client/registration.rb:158:in `new'
C:/opscode/chefdk/embedded/lib/ruby/gems/2.5.0/gems/chef-14.1.12-universal-mingw32/lib/chef/api_client/registration.rb:158:in `http_api'
C:/opscode/chefdk/embedded/lib/ruby/gems/2.5.0/gems/chef-14.1.12-universal-mingw32/lib/chef/api_client/registration.rb:104:in `create'
C:/opscode/chefdk/embedded/lib/ruby/gems/2.5.0/gems/chef-14.1.12-universal-mingw32/lib/chef/api_client/registration.rb:95:in `create_or_update'
C:/opscode/chefdk/embedded/lib/ruby/gems/2.5.0/gems/chef-14.1.12-universal-mingw32/lib/chef/api_client/registration.rb:59:in `run'
C:/opscode/chefdk/embedded/lib/ruby/gems/2.5.0/gems/chef-14.1.12-universal-mingw32/lib/chef/client.rb:668:in `register'
C:/opscode/chefdk/embedded/lib/ruby/gems/2.5.0/gems/chef-14.1.12-universal-mingw32/lib/chef/client.rb:264:in `run'
C:/opscode/chefdk/embedded/lib/ruby/gems/2.5.0/gems/chef-14.1.12-universal-mingw32/lib/chef/application.rb:303:in `run_with_graceful_exit_option'
C:/opscode/chefdk/embedded/lib/ruby/gems/2.5.0/gems/chef-14.1.12-universal-mingw32/lib/chef/application.rb:279:in `block in run_chef_client'
C:/opscode/chefdk/embedded/lib/ruby/gems/2.5.0/gems/chef-14.1.12-universal-mingw32/lib/chef/local_mode.rb:44:in `with_server_connectivity'
C:/opscode/chefdk/embedded/lib/ruby/gems/2.5.0/gems/chef-14.1.12-universal-mingw32/lib/chef/application.rb:261:in `run_chef_client'
C:/opscode/chefdk/embedded/lib/ruby/gems/2.5.0/gems/chef-14.1.12-universal-mingw32/lib/chef/application/client.rb:441:in `run_application'
C:/opscode/chefdk/embedded/lib/ruby/gems/2.5.0/gems/chef-14.1.12-universal-mingw32/lib/chef/application.rb:66:in `run'
C:/opscode/chefdk/embedded/lib/ruby/gems/2.5.0/gems/chef-14.1.12-universal-mingw32/bin/chef-client:26:in `<top (required)>'
C:/opscode/chefdk/embedded/bin/chef-client:23:in `load'
C:/opscode/chefdk/embedded/bin/chef-client:23:in `<main>'